<?xml version="1.0" encoding="UTF-8"?>
<!-- Generated by org.testng.reporters.JUnitReportReporter -->
<testsuite hostname="DESKTOP-CRVT3H9" failures="0" tests="1" name="myTests.TestNow" time="0.025" errors="0" timestamp="16 Aug 2022 07:48:03 GMT" skipped="0">
  <testcase classname="myTests.TestNow" name="test1" time="0.025"/>
</testsuite> <!-- myTests.TestNow -->
